<?xml version="1.0" encoding="UTF-8"?>
<!-- Generated by org.testng.reporters.JUnitReportReporter -->
<testsuite skipped="0" hostname="my-PC" name="Session9Sept.Table" tests="1" failures="0" timestamp="09 Sep 2018 07:45:43 GMT" time="0.497" errors="0">
  <testcase name="Details" time="0.497" classname="Session9Sept.Table"/>
</testsuite> <!-- Session9Sept.Table -->
