<?xml version="1.0" encoding="UTF-8"?>
<!-- Generated by org.testng.reporters.JUnitReportReporter -->
<testsuite skipped="0" hostname="my-PC" name="Session23Sept.GroupTest1" tests="2" failures="0" timestamp="23 Sep 2018 04:45:37 GMT" time="0.032" errors="0">
  <testcase name="testCase1" time="0.027" classname="Session23Sept.GroupTest1"/>
  <testcase name="testCase2" time="0.005" classname="Session23Sept.GroupTest1"/>
</testsuite> <!-- Session23Sept.GroupTest1 -->
