<?xml version="1.0" encoding="UTF-8"?>
<!-- Generated by org.testng.reporters.JUnitReportReporter -->
<testsuite skipped="0" hostname="my-PC" name="Session12Aug.TestNg2" tests="3" failures="0" timestamp="12 Aug 2018 06:27:05 GMT" time="0.031" errors="0">
  <testcase name="testSearchSelenium2" time="0.016" classname="Session12Aug.TestNg2"/>
  <testcase name="testSearchSelenium3" time="0.000" classname="Session12Aug.TestNg2"/>
  <testcase name="testSearchSelenium" time="0.015" classname="Session12Aug.TestNg2"/>
</testsuite> <!-- Session12Aug.TestNg2 -->
