<?xml version="1.0" encoding="UTF-8"?>
<!-- Generated by org.testng.reporters.JUnitReportReporter -->
<testsuite skipped="0" hostname="my-PC" name="Session9Sept.Links" tests="1" failures="0" timestamp="09 Sep 2018 08:19:40 GMT" time="5.803" errors="0">
  <testcase name="checkWindow" time="5.803" classname="Session9Sept.Links"/>
</testsuite> <!-- Session9Sept.Links -->
