<?xml version="1.0" encoding="UTF-8"?>
<!-- Generated by org.testng.reporters.JUnitReportReporter -->
<testsuite skipped="0" hostname="my-PC" name="Session9Sept.Sendkeys" tests="1" failures="0" timestamp="09 Sep 2018 06:36:20 GMT" time="2.113" errors="0">
  <testcase name="SignUp" time="2.113" classname="Session9Sept.Sendkeys"/>
</testsuite> <!-- Session9Sept.Sendkeys -->
