<?xml version="1.0" encoding="UTF-8"?>
<!-- Generated by org.testng.reporters.JUnitReportReporter -->
<testsuite skipped="0" hostname="my-PC" name="Session1Sept.DataProviderTest" tests="3" failures="0" timestamp="01 Sep 2018 06:44:32 GMT" time="0.035" errors="0">
  <testcase name="testValidaton" time="0.004" classname="Session1Sept.DataProviderTest"/>
  <testcase name="testValidaton" time="0.031" classname="Session1Sept.DataProviderTest"/>
  <testcase name="testValidaton" time="0.000" classname="Session1Sept.DataProviderTest"/>
</testsuite> <!-- Session1Sept.DataProviderTest -->
