<?xml version="1.0" encoding="UTF-8"?>
<!-- Generated by org.testng.reporters.JUnitReportReporter -->
<testsuite skipped="0" hostname="my-PC" name="Session12Aug.TestNg" tests="1" failures="0" timestamp="12 Aug 2018 06:27:05 GMT" time="0.016" errors="0">
  <testcase name="testSearchSelenium2" time="0.016" classname="Session12Aug.TestNg"/>
</testsuite> <!-- Session12Aug.TestNg -->
