<?xml version="1.0" encoding="UTF-8"?>
<!-- Generated by org.testng.reporters.JUnitReportReporter -->
<testsuite skipped="0" hostname="my-PC" name="Session2Sept_alert.AlertPrac" tests="1" failures="0" timestamp="02 Sep 2018 07:44:16 GMT" time="2.482" errors="0">
  <testcase name="testAlert3" time="2.482" classname="Session2Sept_alert.AlertPrac"/>
</testsuite> <!-- Session2Sept_alert.AlertPrac -->
